[2025-02-22 01:50:08,032][trainers.base_trainer][INFO] - Exp path : checkpoints\CIFAR10\dirichlet0.3\base
[2025-02-22 01:50:08,749][trainers.base_trainer][INFO] - Trainer: <class 'trainers.base_trainer.Trainer'>, client: <class 'clients.rcl_client.RCLClient'>, server: <class 'servers.base.Server'>, evaler: <class 'evalers.base_evaler.Evaler'>
[2025-02-22 01:50:26,301][trainers.base_trainer][INFO] - Global epoch 0, Selected client : [2 8 4]
[2025-02-22 01:50:29,033][clients.rcl_client][WARNING] - Class counts : [1242 1241 1019  805  478  133   35   24   12   11]
[2025-02-22 02:16:39,745][clients.rcl_client][INFO] - [C2] End. Time: 1568.95s, Loss: 1.509,
[2025-02-22 02:16:42,925][clients.rcl_client][WARNING] - Class counts : [1964 1885  880   84   76   75   24   12]
[2025-02-22 02:39:30,539][clients.rcl_client][INFO] - [C8] End. Time: 1366.32s, Loss: 1.238,
[2025-02-22 02:39:32,871][clients.rcl_client][WARNING] - Class counts : [1445 1094  672  574  462  412  150  136   42   13]
[2025-02-22 03:02:44,994][clients.rcl_client][INFO] - [C4] End. Time: 1390.82s, Loss: 1.633,
[2025-02-22 03:02:45,347][trainers.base_trainer][INFO] - Global epoch 0, Train End. Total Time: 4339.05s
[2025-02-22 03:03:30,496][trainers.base_trainer][WARNING] - [Epoch 0] Test Accuracy: 10.00%
[2025-02-22 03:03:30,752][trainers.base_trainer][INFO] - Global epoch 1, Selected client : [3 5 1]
[2025-02-22 03:26:45,663][clients.rcl_client][INFO] - [C3] End. Time: 1391.55s, Loss: 1.089,
[2025-02-22 03:49:51,152][clients.rcl_client][INFO] - [C5] End. Time: 1382.03s, Loss: 1.016,
[2025-02-22 04:13:10,536][clients.rcl_client][INFO] - [C1] End. Time: 1396.02s, Loss: 0.852,
[2025-02-22 04:13:10,907][trainers.base_trainer][INFO] - Global epoch 1, Train End. Total Time: 4180.14s
[2025-02-22 04:13:54,998][trainers.base_trainer][WARNING] - [Epoch 1] Test Accuracy: 21.06%
[2025-02-22 04:13:55,282][trainers.base_trainer][INFO] - Global epoch 2, Selected client : [2 3 8]
[2025-02-22 04:37:06,625][clients.rcl_client][INFO] - [C2] End. Time: 1387.90s, Loss: 1.299,
[2025-02-22 05:00:20,129][clients.rcl_client][INFO] - [C3] End. Time: 1389.53s, Loss: 1.032,
[2025-02-22 05:23:27,966][clients.rcl_client][INFO] - [C8] End. Time: 1383.86s, Loss: 1.079,
[2025-02-22 05:23:28,394][trainers.base_trainer][INFO] - Global epoch 2, Train End. Total Time: 4173.11s
[2025-02-22 05:24:13,183][trainers.base_trainer][WARNING] - [Epoch 2] Test Accuracy: 21.56%
[2025-02-22 05:24:13,405][trainers.base_trainer][INFO] - Global epoch 3, Selected client : [6 1 9]
[2025-02-22 05:47:18,033][clients.rcl_client][INFO] - [C6] End. Time: 1381.64s, Loss: 1.014,
[2025-02-22 06:10:31,394][clients.rcl_client][INFO] - [C1] End. Time: 1389.56s, Loss: 0.799,
[2025-02-22 06:33:38,993][clients.rcl_client][INFO] - [C9] End. Time: 1384.16s, Loss: 0.829,
[2025-02-22 06:33:39,503][trainers.base_trainer][INFO] - Global epoch 3, Train End. Total Time: 4166.09s
[2025-02-22 06:34:23,505][trainers.base_trainer][WARNING] - [Epoch 3] Test Accuracy: 26.15%
[2025-02-22 06:34:23,770][trainers.base_trainer][INFO] - Global epoch 4, Selected client : [5 2 7]
[2025-02-22 06:57:22,754][clients.rcl_client][INFO] - [C5] End. Time: 1375.53s, Loss: 0.943,
[2025-02-22 07:20:11,591][clients.rcl_client][INFO] - [C2] End. Time: 1364.85s, Loss: 1.277,
[2025-02-22 07:43:07,557][clients.rcl_client][INFO] - [C7] End. Time: 1371.88s, Loss: 1.230,
[2025-02-22 07:43:08,145][trainers.base_trainer][INFO] - Global epoch 4, Train End. Total Time: 4124.37s
[2025-02-22 07:43:52,814][trainers.base_trainer][WARNING] - [Epoch 4] Test Accuracy: 28.35%
[2025-02-22 07:43:53,053][trainers.base_trainer][INFO] - Global epoch 5, Selected client : [1 8 9]
[2025-02-22 08:07:33,241][clients.rcl_client][INFO] - [C1] End. Time: 1416.77s, Loss: 0.777,
[2025-02-22 08:30:47,064][clients.rcl_client][INFO] - [C8] End. Time: 1389.62s, Loss: 1.050,
[2025-02-22 08:53:43,829][clients.rcl_client][INFO] - [C9] End. Time: 1373.02s, Loss: 0.822,
[2025-02-22 08:53:44,202][trainers.base_trainer][INFO] - Global epoch 5, Train End. Total Time: 4191.14s
[2025-02-22 08:54:29,134][trainers.base_trainer][WARNING] - [Epoch 5] Test Accuracy: 19.41%
[2025-02-22 08:54:29,372][trainers.base_trainer][INFO] - Global epoch 6, Selected client : [3 2 1]
[2025-02-22 09:17:22,212][clients.rcl_client][INFO] - [C3] End. Time: 1369.22s, Loss: 0.990,
[2025-02-22 09:40:34,835][clients.rcl_client][INFO] - [C2] End. Time: 1388.22s, Loss: 1.256,
[2025-02-22 10:03:28,660][clients.rcl_client][INFO] - [C1] End. Time: 1369.75s, Loss: 0.772,
[2025-02-22 10:03:29,029][trainers.base_trainer][INFO] - Global epoch 6, Train End. Total Time: 4139.65s
[2025-02-22 10:04:12,763][trainers.base_trainer][WARNING] - [Epoch 6] Test Accuracy: 20.37%
[2025-02-22 10:04:13,068][trainers.base_trainer][INFO] - Global epoch 7, Selected client : [0 9 2]
[2025-02-22 10:44:28,939][clients.rcl_client][INFO] - [C0] End. Time: 2410.07s, Loss: 0.961,
[2025-02-22 12:26:32,534][clients.rcl_client][INFO] - [C9] End. Time: 6106.78s, Loss: 0.817,
[2025-02-22 13:04:04,797][clients.rcl_client][INFO] - [C2] End. Time: 2243.85s, Loss: 1.225,
[2025-02-22 13:04:08,382][trainers.base_trainer][INFO] - Global epoch 7, Train End. Total Time: 10795.30s
[2025-02-22 13:05:30,385][trainers.base_trainer][WARNING] - [Epoch 7] Test Accuracy: 26.98%
[2025-02-22 13:05:31,500][trainers.base_trainer][INFO] - Global epoch 8, Selected client : [7 8 9]
[2025-02-22 13:34:32,137][clients.rcl_client][INFO] - [C7] End. Time: 1730.05s, Loss: 1.184,
[2025-02-22 15:11:09,825][clients.rcl_client][INFO] - [C8] End. Time: 5785.88s, Loss: 1.052,
[2025-02-22 15:47:17,604][clients.rcl_client][INFO] - [C9] End. Time: 2159.30s, Loss: 0.811,
[2025-02-22 15:47:20,863][trainers.base_trainer][INFO] - Global epoch 8, Train End. Total Time: 9709.34s
[2025-02-22 15:48:34,813][trainers.base_trainer][WARNING] - [Epoch 8] Test Accuracy: 21.37%
[2025-02-22 15:48:35,159][trainers.base_trainer][INFO] - Global epoch 9, Selected client : [1 2 5]
[2025-02-22 16:29:06,208][clients.rcl_client][INFO] - [C1] End. Time: 2419.61s, Loss: 0.774,
[2025-02-22 17:02:08,852][clients.rcl_client][INFO] - [C2] End. Time: 1967.52s, Loss: 1.232,
[2025-02-22 17:28:41,387][clients.rcl_client][INFO] - [C5] End. Time: 1584.18s, Loss: 0.906,
[2025-02-22 17:28:42,107][trainers.base_trainer][INFO] - Global epoch 9, Train End. Total Time: 6006.93s
[2025-02-22 17:29:26,114][trainers.base_trainer][WARNING] - [Epoch 9] Test Accuracy: 22.68%
[2025-02-22 17:29:26,380][trainers.base_trainer][INFO] - Global epoch 10, Selected client : [9 7 8]
[2025-02-22 19:25:25,371][clients.rcl_client][INFO] - [C9] End. Time: 6954.60s, Loss: 0.812,
[2025-02-23 00:28:51,648][clients.rcl_client][INFO] - [C7] End. Time: 18199.29s, Loss: 1.163,
[2025-02-23 00:52:48,688][clients.rcl_client][INFO] - [C8] End. Time: 1427.62s, Loss: 1.031,
[2025-02-23 00:52:51,238][trainers.base_trainer][INFO] - Global epoch 10, Train End. Total Time: 26604.84s
[2025-02-23 00:53:43,213][trainers.base_trainer][WARNING] - [Epoch 10] Test Accuracy: 27.89%
[2025-02-23 00:53:43,457][trainers.base_trainer][INFO] - Global epoch 11, Selected client : [4 9 6]
[2025-02-23 01:29:07,902][clients.rcl_client][INFO] - [C4] End. Time: 2118.95s, Loss: 1.285,
[2025-02-23 02:08:13,557][clients.rcl_client][INFO] - [C9] End. Time: 2334.78s, Loss: 0.793,
[2025-02-23 02:51:45,897][clients.rcl_client][INFO] - [C6] End. Time: 2596.00s, Loss: 1.002,
[2025-02-23 02:51:49,577][trainers.base_trainer][INFO] - Global epoch 11, Train End. Total Time: 7086.10s
[2025-02-23 02:53:09,987][trainers.base_trainer][WARNING] - [Epoch 11] Test Accuracy: 29.05%
[2025-02-23 02:53:10,814][trainers.base_trainer][INFO] - Global epoch 12, Selected client : [4 6 1]
