[2025-02-22 01:40:13,640][trainers.base_trainer][INFO] - Exp path : checkpoints\CIFAR10\dirichlet0.3\base
[2025-02-22 01:40:14,373][trainers.base_trainer][INFO] - Trainer: <class 'trainers.base_trainer.Trainer'>, client: <class 'clients.rcl_client.RCLClient'>, server: <class 'servers.base.Server'>, evaler: <class 'evalers.base_evaler.Evaler'>
[2025-02-22 01:40:29,929][trainers.base_trainer][INFO] - Global epoch 0, Selected client : [2 8 4]
[2025-02-22 01:40:32,103][clients.rcl_client][WARNING] - Class counts : [1242 1241 1019  805  478  133   35   24   12   11]
[2025-02-22 02:00:02,755][clients.rcl_client][INFO] - [C2] End. Time: 1169.90s, Loss: 1.489,
[2025-02-22 02:00:07,065][clients.rcl_client][WARNING] - Class counts : [1964 1885  880   84   76   75   24   12]
[2025-02-22 02:22:36,498][clients.rcl_client][INFO] - [C8] End. Time: 1349.32s, Loss: 1.229,
[2025-02-22 02:22:40,630][clients.rcl_client][WARNING] - Class counts : [1445 1094  672  574  462  412  150  136   42   13]
[2025-02-22 02:41:54,923][clients.rcl_client][INFO] - [C4] End. Time: 1154.22s, Loss: 1.611,
[2025-02-22 02:41:55,412][trainers.base_trainer][INFO] - Global epoch 0, Train End. Total Time: 3685.48s
[2025-02-22 02:42:12,222][trainers.base_trainer][WARNING] - [Epoch 0] Test Accuracy: 10.00%
[2025-02-22 02:42:12,487][trainers.base_trainer][INFO] - Global epoch 1, Selected client : [3 5 1]
[2025-02-22 03:01:46,262][clients.rcl_client][INFO] - [C3] End. Time: 1169.25s, Loss: 1.067,
[2025-02-22 03:21:05,044][clients.rcl_client][INFO] - [C5] End. Time: 1154.07s, Loss: 1.000,
[2025-02-22 03:40:35,891][clients.rcl_client][INFO] - [C1] End. Time: 1166.03s, Loss: 0.847,
[2025-02-22 03:40:36,225][trainers.base_trainer][INFO] - Global epoch 1, Train End. Total Time: 3503.73s
[2025-02-22 03:40:48,901][trainers.base_trainer][WARNING] - [Epoch 1] Test Accuracy: 22.20%
[2025-02-22 03:40:49,146][trainers.base_trainer][INFO] - Global epoch 2, Selected client : [2 3 8]
[2025-02-22 04:00:02,683][clients.rcl_client][INFO] - [C2] End. Time: 1151.29s, Loss: 1.285,
[2025-02-22 04:19:28,511][clients.rcl_client][INFO] - [C3] End. Time: 1163.21s, Loss: 1.020,
[2025-02-22 04:39:01,371][clients.rcl_client][INFO] - [C8] End. Time: 1169.33s, Loss: 1.080,
[2025-02-22 04:39:01,713][trainers.base_trainer][INFO] - Global epoch 2, Train End. Total Time: 3492.57s
[2025-02-22 04:39:17,021][trainers.base_trainer][WARNING] - [Epoch 2] Test Accuracy: 22.91%
[2025-02-22 04:39:17,240][trainers.base_trainer][INFO] - Global epoch 3, Selected client : [6 1 9]
[2025-02-22 04:58:45,284][clients.rcl_client][INFO] - [C6] End. Time: 1165.41s, Loss: 1.016,
[2025-02-22 05:18:10,432][clients.rcl_client][INFO] - [C1] End. Time: 1161.61s, Loss: 0.791,
[2025-02-22 05:37:12,514][clients.rcl_client][INFO] - [C9] End. Time: 1138.85s, Loss: 0.833,
[2025-02-22 05:37:12,820][trainers.base_trainer][INFO] - Global epoch 3, Train End. Total Time: 3475.57s
[2025-02-22 05:37:27,679][trainers.base_trainer][WARNING] - [Epoch 3] Test Accuracy: 26.42%
[2025-02-22 05:37:27,921][trainers.base_trainer][INFO] - Global epoch 4, Selected client : [5 2 7]
[2025-02-22 05:56:51,164][clients.rcl_client][INFO] - [C5] End. Time: 1158.67s, Loss: 0.937,
[2025-02-22 06:16:22,379][clients.rcl_client][INFO] - [C2] End. Time: 1168.12s, Loss: 1.262,
[2025-02-22 06:35:49,998][clients.rcl_client][INFO] - [C7] End. Time: 1164.02s, Loss: 1.228,
[2025-02-22 06:35:50,397][trainers.base_trainer][INFO] - Global epoch 4, Train End. Total Time: 3502.47s
[2025-02-22 06:36:07,080][trainers.base_trainer][WARNING] - [Epoch 4] Test Accuracy: 26.10%
[2025-02-22 06:36:07,335][trainers.base_trainer][INFO] - Global epoch 5, Selected client : [1 8 9]
[2025-02-22 06:55:28,760][clients.rcl_client][INFO] - [C1] End. Time: 1157.54s, Loss: 0.777,
[2025-02-22 07:14:54,235][clients.rcl_client][INFO] - [C8] End. Time: 1162.20s, Loss: 1.046,
[2025-02-22 07:34:16,939][clients.rcl_client][INFO] - [C9] End. Time: 1158.77s, Loss: 0.837,
[2025-02-22 07:34:17,268][trainers.base_trainer][INFO] - Global epoch 5, Train End. Total Time: 3489.93s
[2025-02-22 07:34:28,212][trainers.base_trainer][WARNING] - [Epoch 5] Test Accuracy: 20.52%
[2025-02-22 07:34:28,465][trainers.base_trainer][INFO] - Global epoch 6, Selected client : [3 2 1]
[2025-02-22 07:53:44,317][clients.rcl_client][INFO] - [C3] End. Time: 1152.88s, Loss: 0.987,
[2025-02-22 08:14:13,905][clients.rcl_client][INFO] - [C2] End. Time: 1225.13s, Loss: 1.254,
[2025-02-22 08:33:56,599][clients.rcl_client][INFO] - [C1] End. Time: 1176.69s, Loss: 0.765,
[2025-02-22 08:33:56,938][trainers.base_trainer][INFO] - Global epoch 6, Train End. Total Time: 3568.47s
[2025-02-22 08:34:13,672][trainers.base_trainer][WARNING] - [Epoch 6] Test Accuracy: 20.44%
[2025-02-22 08:34:13,918][trainers.base_trainer][INFO] - Global epoch 7, Selected client : [0 9 2]
[2025-02-22 08:53:49,170][clients.rcl_client][INFO] - [C0] End. Time: 1171.34s, Loss: 0.959,
[2025-02-22 09:13:16,936][clients.rcl_client][INFO] - [C9] End. Time: 1164.66s, Loss: 0.827,
[2025-02-22 09:32:55,398][clients.rcl_client][INFO] - [C2] End. Time: 1175.55s, Loss: 1.216,
[2025-02-22 09:32:55,721][trainers.base_trainer][INFO] - Global epoch 7, Train End. Total Time: 3521.79s
[2025-02-22 09:33:12,095][trainers.base_trainer][WARNING] - [Epoch 7] Test Accuracy: 24.91%
[2025-02-22 09:33:12,339][trainers.base_trainer][INFO] - Global epoch 8, Selected client : [7 8 9]
[2025-02-22 09:52:48,673][clients.rcl_client][INFO] - [C7] End. Time: 1173.42s, Loss: 1.184,
[2025-02-22 10:16:40,808][clients.rcl_client][INFO] - [C8] End. Time: 1427.48s, Loss: 1.042,
[2025-02-22 10:56:21,610][clients.rcl_client][INFO] - [C9] End. Time: 2369.19s, Loss: 0.813,
[2025-02-22 10:56:25,215][trainers.base_trainer][INFO] - Global epoch 8, Train End. Total Time: 4992.88s
[2025-02-22 10:56:53,085][trainers.base_trainer][WARNING] - [Epoch 8] Test Accuracy: 27.17%
[2025-02-22 10:56:53,402][trainers.base_trainer][INFO] - Global epoch 9, Selected client : [1 2 5]
[2025-02-22 12:32:54,997][clients.rcl_client][INFO] - [C1] End. Time: 5755.74s, Loss: 0.770,
[2025-02-22 13:06:07,847][clients.rcl_client][INFO] - [C2] End. Time: 1977.17s, Loss: 1.230,
[2025-02-22 13:31:44,547][clients.rcl_client][INFO] - [C5] End. Time: 1530.58s, Loss: 0.904,
[2025-02-22 13:31:47,248][trainers.base_trainer][INFO] - Global epoch 9, Train End. Total Time: 9293.83s
[2025-02-22 13:32:05,513][trainers.base_trainer][WARNING] - [Epoch 9] Test Accuracy: 25.41%
[2025-02-22 13:32:05,802][trainers.base_trainer][INFO] - Global epoch 10, Selected client : [9 7 8]
[2025-02-22 15:03:48,340][clients.rcl_client][INFO] - [C9] End. Time: 5499.13s, Loss: 0.815,
[2025-02-22 15:36:06,489][clients.rcl_client][INFO] - [C7] End. Time: 1931.82s, Loss: 1.163,
[2025-02-22 16:10:40,684][clients.rcl_client][INFO] - [C8] End. Time: 2062.58s, Loss: 1.027,
[2025-02-22 16:10:44,387][trainers.base_trainer][INFO] - Global epoch 10, Train End. Total Time: 9518.58s
[2025-02-22 16:11:13,677][trainers.base_trainer][WARNING] - [Epoch 10] Test Accuracy: 26.34%
[2025-02-22 16:11:14,080][trainers.base_trainer][INFO] - Global epoch 11, Selected client : [4 9 6]
[2025-02-22 16:47:52,036][clients.rcl_client][INFO] - [C4] End. Time: 2191.11s, Loss: 1.281,
[2025-02-22 17:10:19,258][clients.rcl_client][INFO] - [C9] End. Time: 1340.61s, Loss: 0.802,
[2025-02-22 18:58:37,994][clients.rcl_client][INFO] - [C6] End. Time: 6481.33s, Loss: 1.002,
[2025-02-22 18:58:42,124][trainers.base_trainer][INFO] - Global epoch 11, Train End. Total Time: 10048.02s
[2025-02-22 18:59:07,540][trainers.base_trainer][WARNING] - [Epoch 11] Test Accuracy: 30.13%
[2025-02-22 18:59:08,034][trainers.base_trainer][INFO] - Global epoch 12, Selected client : [4 6 1]
[2025-02-22 19:23:53,126][clients.rcl_client][INFO] - [C4] End. Time: 1474.95s, Loss: 1.259,
[2025-02-23 00:10:24,313][clients.rcl_client][INFO] - [C6] End. Time: 17184.01s, Loss: 0.975,
[2025-02-23 00:43:46,981][clients.rcl_client][INFO] - [C1] End. Time: 1984.71s, Loss: 0.753,
[2025-02-23 00:43:50,177][trainers.base_trainer][INFO] - Global epoch 12, Train End. Total Time: 20682.12s
[2025-02-23 00:44:08,855][trainers.base_trainer][WARNING] - [Epoch 12] Test Accuracy: 21.39%
[2025-02-23 00:44:09,084][trainers.base_trainer][INFO] - Global epoch 13, Selected client : [5 9 4]
[2025-02-23 01:06:55,393][clients.rcl_client][INFO] - [C5] End. Time: 1362.70s, Loss: 0.863,
[2025-02-23 01:44:50,828][clients.rcl_client][INFO] - [C9] End. Time: 2268.20s, Loss: 0.805,
[2025-02-23 02:20:01,252][clients.rcl_client][INFO] - [C4] End. Time: 2097.66s, Loss: 1.236,
[2025-02-23 02:20:05,240][trainers.base_trainer][INFO] - Global epoch 13, Train End. Total Time: 5756.15s
[2025-02-23 02:20:31,556][trainers.base_trainer][WARNING] - [Epoch 13] Test Accuracy: 25.85%
[2025-02-23 02:20:32,023][trainers.base_trainer][INFO] - Global epoch 14, Selected client : [0 5 7]
[2025-02-23 02:57:55,066][clients.rcl_client][INFO] - [C0] End. Time: 2238.47s, Loss: 0.918,
[2025-02-23 03:43:56,060][clients.rcl_client][INFO] - [C5] End. Time: 2749.14s, Loss: 0.844,
[2025-02-23 04:48:13,423][clients.rcl_client][INFO] - [C7] End. Time: 3843.28s, Loss: 1.150,
[2025-02-23 04:48:18,311][trainers.base_trainer][INFO] - Global epoch 14, Train End. Total Time: 8866.27s
[2025-02-23 04:48:59,501][trainers.base_trainer][WARNING] - [Epoch 14] Test Accuracy: 30.42%
[2025-02-23 04:48:59,922][trainers.base_trainer][INFO] - Global epoch 15, Selected client : [7 8 6]
